2024-01-09 17:20:35.770|I|main|(DELAYED) nexial-core dev_1535 starting up...
2024-01-09 17:20:35.770|I|main|(DELAYED) data file resolved as C:\Users\rh0751\tmp\iurQm\Godown.data.xlsx
2024-01-09 17:20:35.770|I|main|(DELAYED) input files and output directory resolved...
2024-01-09 17:20:35.770|I|main|(DELAYED) cleaning up outdated temp files...
2024-01-09 17:20:35.770|I|main|(DELAYED) No predefined nexial-setup found
2024-01-09 17:20:35.770|I|main|[20240109_172035] [C:\projects\GNUAPI\tests\artifact\script\Godown.xlsx] resolve RUN ID as 20240109_172035
2024-01-09 17:20:35.896|I|main|No predefined nexial-setup found
2024-01-09 17:20:36.274|I|main|outputBase not set; output-to-cloud DISABLED!
2024-01-09 17:20:36.274|I|main|accessKey not set; output-to-cloud DISABLED!
2024-01-09 17:20:36.274|I|main|secretKey not set; output-to-cloud DISABLED!
2024-01-09 17:20:36.486|I|main|missing REQUIRED configuration; sms DISABLED!
2024-01-09 17:20:36.950|I|main|On-Demand Inspection detection enabled
2024-01-09 17:20:37.081|I|main|re-fetching data from C:\projects\GNUAPI\tests\artifact\data\Godown.data.xlsx
2024-01-09 17:20:41.088|I|main|[20240109_172035] executing C:\projects\GNUAPI\tests\artifact\script\Godown.xlsx. [1] total 1
2024-01-09 17:20:41.088|I|main|[20240109_172035] create directory C:\projects\GNUAPI\tests\output\20240109_172035\captures
2024-01-09 17:20:41.088|I|main|[20240109_172035] create directory C:\projects\GNUAPI\tests\output\20240109_172035\logs
2024-01-09 17:20:41.781|I|main|[20240109_172035] merging test data to tmp file C:\projects\GNUAPI\tests\output\20240109_172035\Godown.20240109_172041.001.xlsx
2024-01-09 17:20:41.781|I|main|re-fetching data from C:\projects\GNUAPI\tests\artifact\data\Godown.data.xlsx
2024-01-09 17:20:42.129|I|main|[20240109_172035] test script and test data merged to C:\projects\GNUAPI\tests\output\20240109_172035\Godown.20240109_172041.001.xlsx
2024-01-09 17:20:42.508|I|main|STARTS
2024-01-09 17:20:42.540|I|main|Godown.20240109_172041.001|Login|Login to GNU khata - executing activity
2024-01-09 17:20:42.540|I|main|Godown.20240109_172041.001|Login|Login to GNU khata|#  5|base.macroFlex(macro,inpu - executing macroFlex(macro,input,output)($(projectfile|macro|${gnukhata.path}|MacroLibrary|login), username=${username}
password=${password})
2024-01-09 17:20:42.762|I|main|skipping test step in ROW 24 since it's disabled
2024-01-09 17:20:42.778|I|main|Godown.20240109_172041.001|Login|Login to GNU khata (login)|# 16|web.openAndWait(url,waitM - executing openAndWait(url,waitMs)(${uiurl}, 1500)
2024-01-09 17:20:42.778|I|main|[chrome] initializing chrome
2024-01-09 17:20:42.811|I|main|[chrome] enabling chrome remote port: 47217
2024-01-09 17:20:44.133|I|main|[chrome] initializing for chrome 120.0.6099.200
2024-01-09 17:20:44.182|I|main|[DISPLAY] Currently discovered display(s):
2024-01-09 17:20:44.182|I|main|	1920x1080x32bpp@60Hz
2024-01-09 17:20:44.182|I|main|[DISPLAY] adjust position to display 1920x1080x32bpp@60Hz
2024-01-09 17:20:44.182|I|main|[DISPLAY] adjusting position within the bounds of target display: x=0,y=0,width=1536,height=864
2024-01-09 17:20:44.182|I|main|[DISPLAY] position adjusted to (0, 0)
2024-01-09 17:20:44.321|I|main|[chrome] browser initialization completed for 'chrome'
2024-01-09 17:20:44.325|I|main|[chrome] setting browser page load timeout to 60000 ms
2024-01-09 17:20:44.325|I|main|[chrome] detected nexial.web.alwaysWait; use fluent-wait (up to 10000 ms) during web automation
2024-01-09 17:21:09.785|I|main|Godown.20240109_172041.001|Login|Login to GNU khata (login)|# 16|web.openAndWait(url,waitM - PASS opened URL https://gnukhata.gitlab.io/gkapp/#/user-login
2024-01-09 17:21:09.786|I|main|Godown.20240109_172041.001|Login|Login to GNU khata (login)|# 17|web.maximizeWindow()      - executing maximizeWindow()()
2024-01-09 17:21:09.913|I|main|Godown.20240109_172041.001|Login|Login to GNU khata (login)|# 17|web.maximizeWindow()      - PASS browser window maximized
2024-01-09 17:21:09.915|I|main|Godown.20240109_172041.001|Login|Login to GNU khata (login)|# 18|web.waitForElementPresent - executing waitForElementPresent(locator,waitMs)(${login.clickDefault}, 5000)
2024-01-09 17:21:14.216|I|main|Godown.20240109_172041.001|Login|Login to GNU khata (login)|# 18|web.waitForElementPresent - PASS Element by locator '//*[span='Continue with Default Server']' is present
2024-01-09 17:21:14.217|I|main|Godown.20240109_172041.001|Login|Login to GNU khata (login)|# 19|web.click(locator)        - executing click(locator)(${login.clickDefault})
2024-01-09 17:21:14.314|I|main|clicking '//*[span='Continue with Default Server']'...
2024-01-09 17:21:14.334|I|main|click target via JS, @id=
2024-01-09 17:21:14.347|I|main|clicked -> true
2024-01-09 17:21:14.347|I|main|Godown.20240109_172041.001|Login|Login to GNU khata (login)|# 19|web.click(locator)        - PASS click via JS event
2024-01-09 17:21:14.347|I|main|Godown.20240109_172041.001|Login|Login to GNU khata (login)|# 20|web.wait(waitMs)          - executing wait(waitMs)(5000)
2024-01-09 17:21:19.363|I|main|Godown.20240109_172041.001|Login|Login to GNU khata (login)|# 20|web.wait(waitMs)          - PASS waited 5000ms
2024-01-09 17:21:19.363|I|main|Godown.20240109_172041.001|Login|Login to GNU khata (login)|# 21|web.type(locator,value)   - executing type(locator,value)(${input.username}, ${username})
2024-01-09 17:21:19.536|I|main|Godown.20240109_172041.001|Login|Login to GNU khata (login)|# 21|web.type(locator,value)   - PASS typed text at '//input[@placeholder='Enter Username']'
2024-01-09 17:21:19.536|I|main|Godown.20240109_172041.001|Login|Login to GNU khata (login)|# 22|web.type(locator,value)   - executing type(locator,value)(${input.password}, ${password})
2024-01-09 17:21:19.731|I|main|Godown.20240109_172041.001|Login|Login to GNU khata (login)|# 22|web.type(locator,value)   - PASS typed text at '//input[@placeholder='Password']'
2024-01-09 17:21:19.734|I|main|Godown.20240109_172041.001|Login|Login to GNU khata (login)|# 23|web.click(locator)        - executing click(locator)(${button.submit})
2024-01-09 17:21:19.829|I|main|clicking '(//*[@type='submit'])[1]'...
2024-01-09 17:21:19.849|I|main|click target via JS, @id=
2024-01-09 17:21:19.868|I|main|clicked -> true
2024-01-09 17:21:19.868|I|main|Godown.20240109_172041.001|Login|Login to GNU khata (login)|# 23|web.click(locator)        - PASS click via JS event
2024-01-09 17:21:19.868|I|main|Godown.20240109_172041.001|Login|Login to GNU khata (login)|# 24|web.assertTitle(text)     - executing assertTitle(text)(${title.header})
2024-01-09 17:21:19.881|I|main|evaluating flow control:	SkipIf(true = true)		=> MATCHED
2024-01-09 17:21:19.881|I|main|Godown.20240109_172041.001|Login|Login to GNU khata (login)|# 24|web.assertTitle(text)     - SKIPPED current step skipped: SkipIf(true)
2024-01-09 17:21:19.881|I|main|Godown.20240109_172041.001|Login|Login to GNU khata|#  5|base.macroFlex(macro,inpu - PASS Macro successfully executed
2024-01-09 17:21:19.886|I|main|Godown.20240109_172041.001|Login|Login to GNU khata - ending activity
2024-01-09 17:22:45.283|I|main|[20240109_172035] executing C:\projects\GNUAPI\tests\artifact\script\Godown.xlsx. [1] total 1
2024-01-09 17:22:45.284|I|main|[20240109_172035] create directory C:\projects\GNUAPI\tests\output\20240109_172035\captures
2024-01-09 17:22:45.285|I|main|[20240109_172035] create directory C:\projects\GNUAPI\tests\output\20240109_172035\logs
2024-01-09 17:22:45.651|I|main|[20240109_172035] merging test data to tmp file C:\projects\GNUAPI\tests\output\20240109_172035\Godown.20240109_172245.001.xlsx
2024-01-09 17:22:45.651|I|main|re-fetching data from C:\projects\GNUAPI\tests\artifact\data\Godown.data.xlsx
2024-01-09 17:22:45.779|I|main|[20240109_172035] test script and test data merged to C:\projects\GNUAPI\tests\output\20240109_172035\Godown.20240109_172245.001.xlsx
2024-01-09 17:22:46.013|I|main|STARTS
2024-01-09 17:22:46.027|I|main|Godown.20240109_172245.001|Godown_TestScenarios|Go to Godowns page - executing activity
2024-01-09 17:22:46.027|I|main|Godown.20240109_172245.001|Godown_TestScenarios|Go to Godowns page|#  5|web.clickAndWait(locator, - executing clickAndWait(locator,waitMs)(${org.open}, 1500)
2024-01-09 17:22:46.108|I|main|clicking '//button[text()=' Open ']'...
2024-01-09 17:22:46.119|I|main|click target via JS, @id=
2024-01-09 17:22:46.147|I|main|clicked -> true
2024-01-09 17:22:46.148|I|main|Godown.20240109_172245.001|Godown_TestScenarios|Go to Godowns page|#  5|web.clickAndWait(locator, - PASS clicked-and-waited '//button[text()=' Open ']'
2024-01-09 17:22:46.149|I|main|Godown.20240109_172245.001|Godown_TestScenarios|Go to Godowns page|#  6|web.clickAndWait(locator, - executing clickAndWait(locator,waitMs)(${org.hamburger}, 1000)
2024-01-09 17:22:47.016|I|main|clicking '//button[@title='Open Sidebar']'...
2024-01-09 17:22:47.029|I|main|click target via JS, @id=
2024-01-09 17:22:47.063|I|main|clicked -> true
2024-01-09 17:22:47.065|I|main|Godown.20240109_172245.001|Godown_TestScenarios|Go to Godowns page|#  6|web.clickAndWait(locator, - PASS clicked-and-waited '//button[@title='Open Sidebar']'
2024-01-09 17:22:47.066|I|main|Godown.20240109_172245.001|Godown_TestScenarios|Go to Godowns page|#  7|web.click(locator)        - executing click(locator)(${org.Inventory})
2024-01-09 17:22:47.132|I|main|Target element not visible; clicking on such element might not work...
2024-01-09 17:22:47.132|I|main|clicking '//*[text()='Inventory']'...
2024-01-09 17:22:47.157|I|main|click target via JS, @id=
2024-01-09 17:22:47.181|I|main|clicked -> true
2024-01-09 17:22:47.182|I|main|Godown.20240109_172245.001|Godown_TestScenarios|Go to Godowns page|#  7|web.click(locator)        - PASS click via JS event
2024-01-09 17:22:47.182|I|main|Godown.20240109_172245.001|Godown_TestScenarios|Go to Godowns page|#  8|web.clickAndWait(locator, - executing clickAndWait(locator,waitMs)(${click.Godowns}, 1000)
2024-01-09 17:22:47.259|I|main|clicking '//*[text()='Godowns']'...
2024-01-09 17:22:47.276|I|main|click target via JS, @id=
2024-01-09 17:22:47.295|I|main|clicked -> true
2024-01-09 17:22:47.296|I|main|Godown.20240109_172245.001|Godown_TestScenarios|Go to Godowns page|#  8|web.clickAndWait(locator, - PASS clicked-and-waited '//*[text()='Godowns']'
2024-01-09 17:22:47.297|I|main|Godown.20240109_172245.001|Godown_TestScenarios|Go to Godowns page - ending activity
2024-01-09 17:22:47.298|I|main|Godown.20240109_172245.001|Godown_TestScenarios|Add new Godowns - executing activity
2024-01-09 17:22:47.298|I|main|Godown.20240109_172245.001|Godown_TestScenarios|Add new Godowns|#  9|web.clickAndWait(locator, - executing clickAndWait(locator,waitMs)(${button.addgodown}, 1000)
2024-01-09 17:22:47.446|I|main|clicking '//body/div[@id='app']/main[1]/section[1]/div[1]/div[1]/button[1]'...
2024-01-09 17:22:47.467|I|main|click target via JS, @id=
2024-01-09 17:22:47.482|I|main|clicked -> true
2024-01-09 17:22:47.488|I|main|Godown.20240109_172245.001|Godown_TestScenarios|Add new Godowns|#  9|web.clickAndWait(locator, - PASS clicked-and-waited '//body/div[@id='app']/main[1]/section[1]/div[1]/div[1]/button[1]'
2024-01-09 17:22:47.491|I|main|Godown.20240109_172245.001|Godown_TestScenarios|Add new Godowns - ending activity
2024-01-09 17:22:47.492|I|main|Godown.20240109_172245.001|Godown_TestScenarios|Validate the Godowns elements - executing activity
2024-01-09 17:22:47.492|I|main|Godown.20240109_172245.001|Godown_TestScenarios|Validate the Godowns elements|# 10|web.assertElementPresent( - executing assertElementPresent(locator)(${label.creategodown})
2024-01-09 17:22:47.596|I|main|Godown.20240109_172245.001|Godown_TestScenarios|Validate the Godowns elements|# 10|web.assertElementPresent( - PASS EXPECTED element '//span[contains(text(),'Create Godown')]' found
2024-01-09 17:22:47.597|I|main|Godown.20240109_172245.001|Godown_TestScenarios|Validate the Godowns elements|# 11|web.assertElementPresent( - executing assertElementPresent(locator)(${lable.name})
2024-01-09 17:22:47.663|I|main|Godown.20240109_172245.001|Godown_TestScenarios|Validate the Godowns elements|# 11|web.assertElementPresent( - PASS EXPECTED element '//span[contains(text(),'Name')]' found
2024-01-09 17:22:47.663|I|main|Godown.20240109_172245.001|Godown_TestScenarios|Validate the Godowns elements|# 12|web.assertElementPresent( - executing assertElementPresent(locator)(${label.contactperoson})
2024-01-09 17:22:47.722|I|main|Godown.20240109_172245.001|Godown_TestScenarios|Validate the Godowns elements|# 12|web.assertElementPresent( - PASS EXPECTED element '//span[contains(text(),'Contact Person')]' found
2024-01-09 17:22:47.723|I|main|Godown.20240109_172245.001|Godown_TestScenarios|Validate the Godowns elements|# 13|web.assertElementPresent( - executing assertElementPresent(locator)(${label.state})
2024-01-09 17:22:48.015|I|main|Godown.20240109_172245.001|Godown_TestScenarios|Validate the Godowns elements|# 13|web.assertElementPresent( - PASS EXPECTED element '//body[1]/div[1]/main[1]/div[1]/div[1]/div[2]/form[1]/div[1]/div[1]/div[2]/label[1]/span[1]' found
2024-01-09 17:22:48.016|I|main|Godown.20240109_172245.001|Godown_TestScenarios|Validate the Godowns elements|# 14|web.assertElementPresent( - executing assertElementPresent(locator)(${label.concactnumber})
2024-01-09 17:22:48.064|I|main|Godown.20240109_172245.001|Godown_TestScenarios|Validate the Godowns elements|# 14|web.assertElementPresent( - PASS EXPECTED element '//span[contains(text(),'Contact Number')]' found
2024-01-09 17:22:48.064|I|main|Godown.20240109_172245.001|Godown_TestScenarios|Validate the Godowns elements|# 15|web.assertElementPresent( - executing assertElementPresent(locator)(${label.address})
2024-01-09 17:22:48.118|I|main|Godown.20240109_172245.001|Godown_TestScenarios|Validate the Godowns elements|# 15|web.assertElementPresent( - PASS EXPECTED element '//span[contains(text(),'Address')]' found
2024-01-09 17:22:48.118|I|main|Godown.20240109_172245.001|Godown_TestScenarios|Validate the Godowns elements|# 16|web.assertElementPresent( - executing assertElementPresent(locator)(${button.back})
2024-01-09 17:22:48.166|I|main|Godown.20240109_172245.001|Godown_TestScenarios|Validate the Godowns elements|# 16|web.assertElementPresent( - PASS EXPECTED element '//body/div[@id='app']/main[1]/div[1]/div[1]/div[2]/form[1]/div[2]/button[1]' found
2024-01-09 17:22:48.167|I|main|Godown.20240109_172245.001|Godown_TestScenarios|Validate the Godowns elements|# 17|web.assertElementPresent( - executing assertElementPresent(locator)(${button.reset})
2024-01-09 17:22:48.312|I|main|Godown.20240109_172245.001|Godown_TestScenarios|Validate the Godowns elements|# 17|web.assertElementPresent( - PASS EXPECTED element '//body/div[@id='app']/main[1]/div[1]/div[1]/div[2]/form[1]/div[2]/button[2]' found
2024-01-09 17:22:48.313|I|main|Godown.20240109_172245.001|Godown_TestScenarios|Validate the Godowns elements|# 18|web.assertElementPresent( - executing assertElementPresent(locator)(${button.save})
2024-01-09 17:22:58.330|I|main|Godown.20240109_172245.001|Godown_TestScenarios|Validate the Godowns elements|# 18|web.assertElementPresent( - Timed out while looking for web element(s) that match '//body/div[@id='app']/main[1]/div[1]/div[1]/div[2]/form[1]/div[2]/button[3]'; nexial.pollWaitMs=10000
2024-01-09 17:22:58.342|E|main|Godown.20240109_172245.001|Godown_TestScenarios|Validate the Godowns elements|# 18|web.assertElementPresent( - FAIL EXECUTING COMMAND: web.assertElementPresent(locator)('//body/div[@id='app']/main[1]/div[1]/div[1]/div[2]/form[1]/div[2]/button[3]')
Specified element not found: Timed out while looking for web element(s) that match '//body/div[@id='app']/main[1]/div[1]/div[1]/div[2]/form[1]/div[2]/button[3]'; nexial.pollWaitMs=10000 For documentation on this error, please visit: https://www.seleniumhq.org/exceptions/no_such_element.html...
2024-01-09 17:22:58.342|E|main|Godown.20240109_172245.001|Godown_TestScenarios|Validate the Godowns elements|# 18|web.assertElementPresent( - Error log: C:\projects\GNUAPI\tests\output\20240109_172035\logs\Godown.20240109_172245.001.xlsx_Godown_TestScenarios_A18.log
2024-01-09 17:22:58.344|I|main|Godown.20240109_172245.001|Godown_TestScenarios|Validate the Godowns elements|# 19|base.save(var,value)      - executing save(var,value)(randomgownName, sample[NUMBER(${num})=>randomDigits(2)])
2024-01-09 17:22:58.356|I|main|Godown.20240109_172245.001|Godown_TestScenarios|Validate the Godowns elements|# 19|base.save(var,value)      - PASS stored 'sample86' as ${randomgownName}
2024-01-09 17:22:58.356|I|main|Godown.20240109_172245.001|Godown_TestScenarios|Validate the Godowns elements - ending activity
2024-01-09 17:22:58.356|I|main|Godown.20240109_172245.001|Godown_TestScenarios|Reset Button validation - executing activity
2024-01-09 17:22:58.357|I|main|Godown.20240109_172245.001|Godown_TestScenarios|Reset Button validation|# 20|web.type(locator,value)   - executing type(locator,value)(${input.godowname}, ${randomgownName})
2024-01-09 17:23:08.391|I|main|Godown.20240109_172245.001|Godown_TestScenarios|Reset Button validation|# 20|web.type(locator,value)   - Timed out while looking for web element(s) that match '//input[@id='go-input-1']'; nexial.pollWaitMs=10000
2024-01-09 17:23:08.394|E|main|Godown.20240109_172245.001|Godown_TestScenarios|Reset Button validation|# 20|web.type(locator,value)   - FAIL EXECUTING COMMAND: web.type(locator,value)('//input[@id='go-input-1']', 'sample86')
Specified element not found: Timed out while looking for web element(s) that match '//input[@id='go-input-1']'; nexial.pollWaitMs=10000 For documentation on this error, please visit: https://www.seleniumhq.org/exceptions/no_such_element.html...
2024-01-09 17:23:08.394|E|main|Godown.20240109_172245.001|Godown_TestScenarios|Reset Button validation|# 20|web.type(locator,value)   - Error log: C:\projects\GNUAPI\tests\output\20240109_172035\logs\Godown.20240109_172245.001.xlsx_Godown_TestScenarios_A20.log
2024-01-09 17:23:08.395|I|main|Godown.20240109_172245.001|Godown_TestScenarios|Reset Button validation|# 21|web.type(locator,value)   - executing type(locator,value)(${input.godownconctperson}, Sbaburoa)
2024-01-09 17:23:18.410|I|main|Godown.20240109_172245.001|Godown_TestScenarios|Reset Button validation|# 21|web.type(locator,value)   - Timed out while looking for web element(s) that match '//input[@id='go-input-4']'; nexial.pollWaitMs=10000
2024-01-09 17:23:18.415|E|main|Godown.20240109_172245.001|Godown_TestScenarios|Reset Button validation|# 21|web.type(locator,value)   - FAIL EXECUTING COMMAND: web.type(locator,value)('//input[@id='go-input-4']', 'Sbaburoa')
Specified element not found: Timed out while looking for web element(s) that match '//input[@id='go-input-4']'; nexial.pollWaitMs=10000 For documentation on this error, please visit: https://www.seleniumhq.org/exceptions/no_such_element.html...
2024-01-09 17:23:18.415|E|main|Godown.20240109_172245.001|Godown_TestScenarios|Reset Button validation|# 21|web.type(locator,value)   - Error log: C:\projects\GNUAPI\tests\output\20240109_172035\logs\Godown.20240109_172245.001.xlsx_Godown_TestScenarios_A21.log
2024-01-09 17:23:18.416|I|main|Godown.20240109_172245.001|Godown_TestScenarios|Reset Button validation|# 22|web.type(locator,value)   - executing type(locator,value)(${input.state}, maharashtra)
2024-01-09 17:23:28.451|I|main|Godown.20240109_172245.001|Godown_TestScenarios|Reset Button validation|# 22|web.type(locator,value)   - Timed out while looking for web element(s) that match '//input[@type='search']'; nexial.pollWaitMs=10000
2024-01-09 17:23:28.455|E|main|Godown.20240109_172245.001|Godown_TestScenarios|Reset Button validation|# 22|web.type(locator,value)   - FAIL EXECUTING COMMAND: web.type(locator,value)('//input[@type='search']', 'maharashtra')
Specified element not found: Timed out while looking for web element(s) that match '//input[@type='search']'; nexial.pollWaitMs=10000 For documentation on this error, please visit: https://www.seleniumhq.org/exceptions/no_such_element.html...
2024-01-09 17:23:28.456|E|main|Godown.20240109_172245.001|Godown_TestScenarios|Reset Button validation|# 22|web.type(locator,value)   - Error log: C:\projects\GNUAPI\tests\output\20240109_172035\logs\Godown.20240109_172245.001.xlsx_Godown_TestScenarios_A22.log
2024-01-09 17:23:28.456|I|main|Godown.20240109_172245.001|Godown_TestScenarios|Reset Button validation|# 23|desktop.typeKeys(os,keyst - executing typeKeys(os,keystrokes)(windows, {ENTER})
2024-01-09 17:23:28.461|I|main|[20240109_172035] simulating keystrokes: {ENTER}
2024-01-09 17:23:28.464|I|main|Godown.20240109_172245.001|Godown_TestScenarios|Reset Button validation|# 23|desktop.typeKeys(os,keyst - PASS type keys completed for {ENTER}
2024-01-09 17:23:28.465|I|main|Godown.20240109_172245.001|Godown_TestScenarios|Reset Button validation|# 24|web.type(locator,value)   - executing type(locator,value)(${input.concactnumber}, [[NUMBER(${num})=>randomDigits(10)])
2024-01-09 17:23:38.505|I|main|Godown.20240109_172245.001|Godown_TestScenarios|Reset Button validation|# 24|web.type(locator,value)   - Timed out while looking for web element(s) that match '//input[@id='go-input-5']'; nexial.pollWaitMs=10000
2024-01-09 17:23:38.508|E|main|Godown.20240109_172245.001|Godown_TestScenarios|Reset Button validation|# 24|web.type(locator,value)   - FAIL EXECUTING COMMAND: web.type(locator,value)('//input[@id='go-input-5']', '[6822786747')
Specified element not found: Timed out while looking for web element(s) that match '//input[@id='go-input-5']'; nexial.pollWaitMs=10000 For documentation on this error, please visit: https://www.seleniumhq.org/exceptions/no_such_element.html...
2024-01-09 17:23:38.508|E|main|Godown.20240109_172245.001|Godown_TestScenarios|Reset Button validation|# 24|web.type(locator,value)   - Error log: C:\projects\GNUAPI\tests\output\20240109_172035\logs\Godown.20240109_172245.001.xlsx_Godown_TestScenarios_A24.log
2024-01-09 17:23:38.508|I|main|Godown.20240109_172245.001|Godown_TestScenarios|Reset Button validation|# 25|web.type(locator,value)   - executing type(locator,value)(${input.address}, Samples address ZIP[NUMBER(${num})=>randomDigits(5)] ,w,sa,asaqwqww)
2024-01-09 17:23:48.536|I|main|Godown.20240109_172245.001|Godown_TestScenarios|Reset Button validation|# 25|web.type(locator,value)   - Timed out while looking for web element(s) that match '//textarea[@id='go-input-3']'; nexial.pollWaitMs=10000
2024-01-09 17:23:48.539|E|main|Godown.20240109_172245.001|Godown_TestScenarios|Reset Button validation|# 25|web.type(locator,value)   - FAIL EXECUTING COMMAND: web.type(locator,value)('//textarea[@id='go-input-3']', 'Samples address ZIP49143 ,w,sa,asaqwqww')
Specified element not found: Timed out while looking for web element(s) that match '//textarea[@id='go-input-3']'; nexial.pollWaitMs=10000 For documentation on this error, please visit: https://www.seleniumhq.org/exceptions/no_such_element.html...
2024-01-09 17:23:48.539|E|main|Godown.20240109_172245.001|Godown_TestScenarios|Reset Button validation|# 25|web.type(locator,value)   - Error log: C:\projects\GNUAPI\tests\output\20240109_172035\logs\Godown.20240109_172245.001.xlsx_Godown_TestScenarios_A25.log
2024-01-09 17:23:48.540|I|main|Godown.20240109_172245.001|Godown_TestScenarios|Reset Button validation|# 26|web.click(locator)        - executing click(locator)(${button.reset})
2024-01-09 17:23:55.365|I|Thread-0|shutdown starts...
2024-01-09 17:23:55.365|I|Thread-0|[chrome] Shutting down webdriver...
2024-01-09 17:23:55.367|I|Thread-0|[chrome] Close the current window...
2024-01-09 17:23:55.461|I|Thread-0|[chrome] Quit this driver, closing every associated window.
2024-01-09 17:23:55.588|E|main|Godown.20240109_172245.001|Godown_TestScenarios|Reset Button validation|# 26|web.click(locator)        - FAIL EXECUTING COMMAND: web.click(locator)('//body/div[@id='app']/main[1]/div[1]/div[1]/div[2]/form[1]/div[2]/button[2]')
WebDriver session no longer valid: invalid session id Build info: version: '3.141.59', revision: 'e82be7d358', time: '2018-11-14T08:17:03'...
2024-01-09 17:23:55.589|E|main|Godown.20240109_172245.001|Godown_TestScenarios|Reset Button validation|# 26|web.click(locator)        - Error log: C:\projects\GNUAPI\tests\output\20240109_172035\logs\Godown.20240109_172245.001.xlsx_Godown_TestScenarios_A26.log
2024-01-09 17:23:55.589|I|main|Godown.20240109_172245.001|Godown_TestScenarios|Reset Button validation|# 27|web.type(locator,value)   - executing type(locator,value)(${input.godowname}, ${randomgownName})
2024-01-09 17:23:55.597|E|main|[chrome] webdriver readiness check: java.net.ConnectException: Failed to connect to localhost/[0:0:0:0:0:0:0:1]:28770
Build info: version: '3.141.59', revision: 'e82be7d358', time: '2018-11-14T08:17:03'
System info: host: 'ALIPL5459', ip: '192.168.1.4', os.name: 'Windows 11', os.arch: 'amd64', os.version: '10.0', java.version: '17.0.5'
Driver info: driver.version: RemoteWebDriver 
BROWSER MIGHT BE TERMINATED; RESTARTING...
2024-01-09 17:23:55.640|E|main|Godown.20240109_172245.001|Godown_TestScenarios|Reset Button validation|# 27|web.type(locator,value)   - FAIL EXECUTING COMMAND: web.type(locator,value)('//input[@id='go-input-1']', 'sample86')
UNKNOWN ERROR: java.net.ConnectException: Failed to connect to localhost/[0:0:0:0:0:0:0:1]:28770 Build info: version: '3.141.59', revision: 'e82be7d358', time: '2018-11-14T08:17:03'...
2024-01-09 17:23:55.641|E|main|Godown.20240109_172245.001|Godown_TestScenarios|Reset Button validation|# 27|web.type(locator,value)   - Error log: C:\projects\GNUAPI\tests\output\20240109_172035\logs\Godown.20240109_172245.001.xlsx_Godown_TestScenarios_A27.log
2024-01-09 17:23:55.642|I|main|Godown.20240109_172245.001|Godown_TestScenarios|Reset Button validation|# 28|web.type(locator,value)   - executing type(locator,value)(${input.godownconctperson}, Sbaburoa)
2024-01-09 17:23:55.644|E|main|[chrome] webdriver readiness check: Session ID is null. Using WebDriver after calling quit()?
Build info: version: '3.141.59', revision: 'e82be7d358', time: '2018-11-14T08:17:03'
System info: host: 'ALIPL5459', ip: '192.168.1.4', os.name: 'Windows 11', os.arch: 'amd64', os.version: '10.0', java.version: '17.0.5'
Driver info: driver.version: RemoteWebDriver 
BROWSER MIGHT BE TERMINATED; RESTARTING...
2024-01-09 17:23:55.648|E|main|Godown.20240109_172245.001|Godown_TestScenarios|Reset Button validation|# 28|web.type(locator,value)   - FAIL EXECUTING COMMAND: web.type(locator,value)('//input[@id='go-input-4']', 'Sbaburoa')
WebDriver session no longer valid: Session ID is null. Using WebDriver after calling quit()? Build info: version: '3.141.59', revision: 'e82be7d358', time: '2018-11-14T08:17:03'...
2024-01-09 17:23:55.649|E|main|Godown.20240109_172245.001|Godown_TestScenarios|Reset Button validation|# 28|web.type(locator,value)   - Error log: C:\projects\GNUAPI\tests\output\20240109_172035\logs\Godown.20240109_172245.001.xlsx_Godown_TestScenarios_A28.log
2024-01-09 17:23:55.650|I|main|Godown.20240109_172245.001|Godown_TestScenarios|Reset Button validation|# 29|web.type(locator,value)   - executing type(locator,value)(${input.state}, maharashtra)
2024-01-09 17:23:55.652|E|main|[chrome] webdriver readiness check: Session ID is null. Using WebDriver after calling quit()?
Build info: version: '3.141.59', revision: 'e82be7d358', time: '2018-11-14T08:17:03'
System info: host: 'ALIPL5459', ip: '192.168.1.4', os.name: 'Windows 11', os.arch: 'amd64', os.version: '10.0', java.version: '17.0.5'
Driver info: driver.version: RemoteWebDriver 
BROWSER MIGHT BE TERMINATED; RESTARTING...
2024-01-09 17:23:55.654|E|main|Godown.20240109_172245.001|Godown_TestScenarios|Reset Button validation|# 29|web.type(locator,value)   - FAIL EXECUTING COMMAND: web.type(locator,value)('//input[@type='search']', 'maharashtra')
WebDriver session no longer valid: Session ID is null. Using WebDriver after calling quit()? Build info: version: '3.141.59', revision: 'e82be7d358', time: '2018-11-14T08:17:03'...
2024-01-09 17:23:55.655|E|main|Godown.20240109_172245.001|Godown_TestScenarios|Reset Button validation|# 29|web.type(locator,value)   - Error log: C:\projects\GNUAPI\tests\output\20240109_172035\logs\Godown.20240109_172245.001.xlsx_Godown_TestScenarios_A29.log
2024-01-09 17:23:55.655|I|main|Godown.20240109_172245.001|Godown_TestScenarios|Reset Button validation|# 30|desktop.typeKeys(os,keyst - executing typeKeys(os,keystrokes)(windows, {ENTER})
2024-01-09 17:23:55.656|I|main|[20240109_172035] simulating keystrokes: {ENTER}
2024-01-09 17:23:56.616|I|Thread-0|shutdown ends...
